2019-07-30 15:23:45,600 INFO org.springframework.boot.StartupInfoLogger [main] Starting UsermanagementApplication on vinodya-PC with PID 23709 (/home/vinodya/home/vinodya/projects/usermanagement/target/classes started by vinodya in /home/vinodya/home/vinodya/projects/usermanagement)
2019-07-30 15:23:45,603 INFO org.springframework.boot.SpringApplication [main] No active profile set, falling back to default profiles: default
2019-07-30 15:23:46,491 INFO org.springframework.data.repository.config.RepositoryConfigurationDelegate [main] Bootstrapping Spring Data repositories in DEFAULT mode.
2019-07-30 15:23:46,515 INFO org.springframework.data.repository.config.RepositoryConfigurationDelegate [main] Finished Spring Data repository scanning in 15ms. Found 0 repository interfaces.
2019-07-30 15:23:46,913 INFO org.springframework.context.support.PostProcessorRegistrationDelegate$BeanPostProcessorChecker [main] Bean 'org.springframework.transaction.annotation.ProxyTransactionManagementConfiguration' of type [org.springframework.transaction.annotation.ProxyTransactionManagementConfiguration$$EnhancerBySpringCGLIB$$4aacb807] is not eligible for getting processed by all BeanPostProcessors (for example: not eligible for auto-proxying)
2019-07-30 15:23:47,202 INFO org.springframework.boot.web.embedded.tomcat.TomcatWebServer [main] Tomcat initialized with port(s): 8080 (http)
2019-07-30 15:23:47,220 INFO org.apache.juli.logging.DirectJDKLog [main] Initializing ProtocolHandler ["http-nio-8080"]
2019-07-30 15:23:47,235 INFO org.apache.juli.logging.DirectJDKLog [main] Starting service [Tomcat]
2019-07-30 15:23:47,235 INFO org.apache.juli.logging.DirectJDKLog [main] Starting Servlet engine: [Apache Tomcat/9.0.21]
2019-07-30 15:23:47,332 INFO org.apache.juli.logging.DirectJDKLog [main] Initializing Spring embedded WebApplicationContext
2019-07-30 15:23:47,332 INFO org.springframework.boot.web.servlet.context.ServletWebServerApplicationContext [main] Root WebApplicationContext: initialization completed in 1634 ms
2019-07-30 15:23:47,519 INFO com.zaxxer.hikari.HikariDataSource [main] HikariPool-1 - Starting...
2019-07-30 15:23:47,835 INFO com.zaxxer.hikari.HikariDataSource [main] HikariPool-1 - Start completed.
2019-07-30 15:23:47,894 INFO org.hibernate.jpa.internal.util.LogHelper [main] HHH000204: Processing PersistenceUnitInfo [
	name: default
	...]
2019-07-30 15:23:47,958 INFO org.hibernate.Version [main] HHH000412: Hibernate Core {5.3.10.Final}
2019-07-30 15:23:47,960 INFO org.hibernate.cfg.Environment [main] HHH000206: hibernate.properties not found
2019-07-30 15:23:48,191 INFO org.hibernate.annotations.common.reflection.java.JavaReflectionManager [main] HCANN000001: Hibernate Commons Annotations {5.0.4.Final}
2019-07-30 15:23:48,322 INFO org.hibernate.dialect.Dialect [main] HHH000400: Using dialect: org.hibernate.dialect.MySQL5Dialect
2019-07-30 15:23:48,521 INFO org.springframework.orm.jpa.AbstractEntityManagerFactoryBean [main] Initialized JPA EntityManagerFactory for persistence unit 'default'
2019-07-30 15:23:48,800 INFO org.springframework.scheduling.concurrent.ExecutorConfigurationSupport [main] Initializing ExecutorService 'applicationTaskExecutor'
2019-07-30 15:23:48,856 WARN org.springframework.boot.autoconfigure.orm.jpa.JpaBaseConfiguration$JpaWebConfiguration$JpaWebMvcConfiguration [main] spring.jpa.open-in-view is enabled by default. Therefore, database queries may be performed during view rendering. Explicitly configure spring.jpa.open-in-view to disable this warning
2019-07-30 15:23:49,095 INFO org.apache.juli.logging.DirectJDKLog [main] Starting ProtocolHandler ["http-nio-8080"]
2019-07-30 15:23:49,115 INFO org.springframework.boot.web.embedded.tomcat.TomcatWebServer [main] Tomcat started on port(s): 8080 (http) with context path ''
2019-07-30 15:23:49,119 INFO org.springframework.boot.StartupInfoLogger [main] Started UsermanagementApplication in 4.228 seconds (JVM running for 4.827)
2019-07-30 15:23:57,811 INFO org.apache.juli.logging.DirectJDKLog [http-nio-8080-exec-1] Initializing Spring DispatcherServlet 'dispatcherServlet'
2019-07-30 15:23:57,812 INFO org.springframework.web.servlet.FrameworkServlet [http-nio-8080-exec-1] Initializing Servlet 'dispatcherServlet'
2019-07-30 15:23:57,828 INFO org.springframework.web.servlet.FrameworkServlet [http-nio-8080-exec-1] Completed initialization in 16 ms
2019-07-30 15:23:57,937 INFO com.hms.user.manage.repository.UserRepositoryImpl [http-nio-8080-exec-1] No such userid exist
2019-07-30 15:52:51,005 INFO org.springframework.scheduling.concurrent.ExecutorConfigurationSupport [Thread-2] Shutting down ExecutorService 'applicationTaskExecutor'
2019-07-30 15:52:51,006 INFO org.springframework.orm.jpa.AbstractEntityManagerFactoryBean [Thread-2] Closing JPA EntityManagerFactory for persistence unit 'default'
2019-07-30 15:52:51,009 INFO com.zaxxer.hikari.HikariDataSource [Thread-2] HikariPool-1 - Shutdown initiated...
2019-07-30 15:52:51,020 INFO com.zaxxer.hikari.HikariDataSource [Thread-2] HikariPool-1 - Shutdown completed.
2019-07-30 15:52:57,271 INFO org.springframework.boot.StartupInfoLogger [main] Starting UsermanagementApplication on vinodya-PC with PID 24465 (/home/vinodya/home/vinodya/projects/usermanagement/target/classes started by vinodya in /home/vinodya/home/vinodya/projects/usermanagement)
2019-07-30 15:52:57,274 INFO org.springframework.boot.SpringApplication [main] No active profile set, falling back to default profiles: default
2019-07-30 15:52:58,297 INFO org.springframework.data.repository.config.RepositoryConfigurationDelegate [main] Bootstrapping Spring Data repositories in DEFAULT mode.
2019-07-30 15:52:58,321 INFO org.springframework.data.repository.config.RepositoryConfigurationDelegate [main] Finished Spring Data repository scanning in 15ms. Found 0 repository interfaces.
2019-07-30 15:52:58,744 INFO org.springframework.context.support.PostProcessorRegistrationDelegate$BeanPostProcessorChecker [main] Bean 'org.springframework.transaction.annotation.ProxyTransactionManagementConfiguration' of type [org.springframework.transaction.annotation.ProxyTransactionManagementConfiguration$$EnhancerBySpringCGLIB$$2d43ed6a] is not eligible for getting processed by all BeanPostProcessors (for example: not eligible for auto-proxying)
2019-07-30 15:52:59,071 INFO org.springframework.boot.web.embedded.tomcat.TomcatWebServer [main] Tomcat initialized with port(s): 8080 (http)
2019-07-30 15:52:59,091 INFO org.apache.juli.logging.DirectJDKLog [main] Initializing ProtocolHandler ["http-nio-8080"]
2019-07-30 15:52:59,111 INFO org.apache.juli.logging.DirectJDKLog [main] Starting service [Tomcat]
2019-07-30 15:52:59,112 INFO org.apache.juli.logging.DirectJDKLog [main] Starting Servlet engine: [Apache Tomcat/9.0.21]
2019-07-30 15:52:59,222 INFO org.apache.juli.logging.DirectJDKLog [main] Initializing Spring embedded WebApplicationContext
2019-07-30 15:52:59,222 INFO org.springframework.boot.web.servlet.context.ServletWebServerApplicationContext [main] Root WebApplicationContext: initialization completed in 1888 ms
2019-07-30 15:52:59,430 INFO com.zaxxer.hikari.HikariDataSource [main] HikariPool-1 - Starting...
2019-07-30 15:52:59,750 INFO com.zaxxer.hikari.HikariDataSource [main] HikariPool-1 - Start completed.
2019-07-30 15:52:59,809 INFO org.hibernate.jpa.internal.util.LogHelper [main] HHH000204: Processing PersistenceUnitInfo [
	name: default
	...]
2019-07-30 15:52:59,884 INFO org.hibernate.Version [main] HHH000412: Hibernate Core {5.3.10.Final}
2019-07-30 15:52:59,886 INFO org.hibernate.cfg.Environment [main] HHH000206: hibernate.properties not found
2019-07-30 15:53:00,080 INFO org.hibernate.annotations.common.reflection.java.JavaReflectionManager [main] HCANN000001: Hibernate Commons Annotations {5.0.4.Final}
2019-07-30 15:53:00,204 INFO org.hibernate.dialect.Dialect [main] HHH000400: Using dialect: org.hibernate.dialect.MySQL5Dialect
2019-07-30 15:53:00,408 INFO org.springframework.orm.jpa.AbstractEntityManagerFactoryBean [main] Initialized JPA EntityManagerFactory for persistence unit 'default'
2019-07-30 15:53:00,684 INFO org.springframework.scheduling.concurrent.ExecutorConfigurationSupport [main] Initializing ExecutorService 'applicationTaskExecutor'
2019-07-30 15:53:00,739 WARN org.springframework.boot.autoconfigure.orm.jpa.JpaBaseConfiguration$JpaWebConfiguration$JpaWebMvcConfiguration [main] spring.jpa.open-in-view is enabled by default. Therefore, database queries may be performed during view rendering. Explicitly configure spring.jpa.open-in-view to disable this warning
2019-07-30 15:53:00,993 INFO org.apache.juli.logging.DirectJDKLog [main] Starting ProtocolHandler ["http-nio-8080"]
2019-07-30 15:53:01,012 INFO org.springframework.boot.web.embedded.tomcat.TomcatWebServer [main] Tomcat started on port(s): 8080 (http) with context path ''
2019-07-30 15:53:01,017 INFO org.springframework.boot.StartupInfoLogger [main] Started UsermanagementApplication in 4.41 seconds (JVM running for 5.049)
2019-07-30 15:53:29,696 INFO org.apache.juli.logging.DirectJDKLog [http-nio-8080-exec-1] Initializing Spring DispatcherServlet 'dispatcherServlet'
2019-07-30 15:53:29,697 INFO org.springframework.web.servlet.FrameworkServlet [http-nio-8080-exec-1] Initializing Servlet 'dispatcherServlet'
2019-07-30 15:53:29,705 INFO org.springframework.web.servlet.FrameworkServlet [http-nio-8080-exec-1] Completed initialization in 8 ms
2019-07-30 15:53:29,827 INFO com.hms.user.manage.repository.UserRepositoryImpl [http-nio-8080-exec-1] No such userid exist
2019-07-30 15:53:35,509 INFO com.hms.user.manage.repository.UserRepositoryImpl [http-nio-8080-exec-2] User 4 details found
2019-07-30 18:11:57,554 INFO org.springframework.scheduling.concurrent.ExecutorConfigurationSupport [Thread-2] Shutting down ExecutorService 'applicationTaskExecutor'
2019-07-30 18:11:57,555 INFO org.springframework.orm.jpa.AbstractEntityManagerFactoryBean [Thread-2] Closing JPA EntityManagerFactory for persistence unit 'default'
2019-07-30 18:11:57,558 INFO com.zaxxer.hikari.HikariDataSource [Thread-2] HikariPool-1 - Shutdown initiated...
2019-07-30 18:11:57,570 INFO com.zaxxer.hikari.HikariDataSource [Thread-2] HikariPool-1 - Shutdown completed.
2019-07-30 18:12:03,813 INFO org.springframework.boot.StartupInfoLogger [main] Starting UsermanagementApplication on vinodya-PC with PID 27133 (/home/vinodya/home/vinodya/projects/usermanagement/target/classes started by vinodya in /home/vinodya/home/vinodya/projects/usermanagement)
2019-07-30 18:12:03,816 INFO org.springframework.boot.SpringApplication [main] No active profile set, falling back to default profiles: default
2019-07-30 18:12:04,762 INFO org.springframework.data.repository.config.RepositoryConfigurationDelegate [main] Bootstrapping Spring Data repositories in DEFAULT mode.
2019-07-30 18:12:04,787 INFO org.springframework.data.repository.config.RepositoryConfigurationDelegate [main] Finished Spring Data repository scanning in 13ms. Found 0 repository interfaces.
2019-07-30 18:12:05,182 INFO org.springframework.context.support.PostProcessorRegistrationDelegate$BeanPostProcessorChecker [main] Bean 'org.springframework.transaction.annotation.ProxyTransactionManagementConfiguration' of type [org.springframework.transaction.annotation.ProxyTransactionManagementConfiguration$$EnhancerBySpringCGLIB$$ab16f699] is not eligible for getting processed by all BeanPostProcessors (for example: not eligible for auto-proxying)
2019-07-30 18:12:05,467 INFO org.springframework.boot.web.embedded.tomcat.TomcatWebServer [main] Tomcat initialized with port(s): 8080 (http)
2019-07-30 18:12:05,485 INFO org.apache.juli.logging.DirectJDKLog [main] Initializing ProtocolHandler ["http-nio-8080"]
2019-07-30 18:12:05,503 INFO org.apache.juli.logging.DirectJDKLog [main] Starting service [Tomcat]
2019-07-30 18:12:05,504 INFO org.apache.juli.logging.DirectJDKLog [main] Starting Servlet engine: [Apache Tomcat/9.0.21]
2019-07-30 18:12:05,608 INFO org.apache.juli.logging.DirectJDKLog [main] Initializing Spring embedded WebApplicationContext
2019-07-30 18:12:05,608 INFO org.springframework.boot.web.servlet.context.ServletWebServerApplicationContext [main] Root WebApplicationContext: initialization completed in 1710 ms
2019-07-30 18:12:05,807 INFO com.zaxxer.hikari.HikariDataSource [main] HikariPool-1 - Starting...
2019-07-30 18:12:06,124 INFO com.zaxxer.hikari.HikariDataSource [main] HikariPool-1 - Start completed.
2019-07-30 18:12:06,178 INFO org.hibernate.jpa.internal.util.LogHelper [main] HHH000204: Processing PersistenceUnitInfo [
	name: default
	...]
2019-07-30 18:12:06,230 INFO org.hibernate.Version [main] HHH000412: Hibernate Core {5.3.10.Final}
2019-07-30 18:12:06,232 INFO org.hibernate.cfg.Environment [main] HHH000206: hibernate.properties not found
2019-07-30 18:12:06,412 INFO org.hibernate.annotations.common.reflection.java.JavaReflectionManager [main] HCANN000001: Hibernate Commons Annotations {5.0.4.Final}
2019-07-30 18:12:06,537 INFO org.hibernate.dialect.Dialect [main] HHH000400: Using dialect: org.hibernate.dialect.MySQL5Dialect
2019-07-30 18:12:06,732 INFO org.springframework.orm.jpa.AbstractEntityManagerFactoryBean [main] Initialized JPA EntityManagerFactory for persistence unit 'default'
2019-07-30 18:12:07,003 INFO org.springframework.scheduling.concurrent.ExecutorConfigurationSupport [main] Initializing ExecutorService 'applicationTaskExecutor'
2019-07-30 18:12:07,047 WARN org.springframework.boot.autoconfigure.orm.jpa.JpaBaseConfiguration$JpaWebConfiguration$JpaWebMvcConfiguration [main] spring.jpa.open-in-view is enabled by default. Therefore, database queries may be performed during view rendering. Explicitly configure spring.jpa.open-in-view to disable this warning
2019-07-30 18:12:07,296 INFO org.apache.juli.logging.DirectJDKLog [main] Starting ProtocolHandler ["http-nio-8080"]
2019-07-30 18:12:07,313 INFO org.springframework.boot.web.embedded.tomcat.TomcatWebServer [main] Tomcat started on port(s): 8080 (http) with context path ''
2019-07-30 18:12:07,317 INFO org.springframework.boot.StartupInfoLogger [main] Started UsermanagementApplication in 4.091 seconds (JVM running for 4.782)
2019-07-30 18:12:13,198 INFO org.springframework.scheduling.concurrent.ExecutorConfigurationSupport [Thread-2] Shutting down ExecutorService 'applicationTaskExecutor'
2019-07-30 18:12:13,199 INFO org.springframework.orm.jpa.AbstractEntityManagerFactoryBean [Thread-2] Closing JPA EntityManagerFactory for persistence unit 'default'
2019-07-30 18:12:13,201 INFO com.zaxxer.hikari.HikariDataSource [Thread-2] HikariPool-1 - Shutdown initiated...
2019-07-30 18:12:13,234 INFO com.zaxxer.hikari.HikariDataSource [Thread-2] HikariPool-1 - Shutdown completed.
2019-07-30 18:29:52,125 INFO org.springframework.boot.StartupInfoLogger [main] Starting UsermanagementApplication on vinodya-PC with PID 27725 (/home/vinodya/home/vinodya/projects/usermanagement/target/classes started by vinodya in /home/vinodya/home/vinodya/projects/usermanagement)
2019-07-30 18:29:52,128 INFO org.springframework.boot.SpringApplication [main] No active profile set, falling back to default profiles: default
2019-07-30 18:29:53,156 INFO org.springframework.data.repository.config.RepositoryConfigurationDelegate [main] Bootstrapping Spring Data repositories in DEFAULT mode.
2019-07-30 18:29:53,180 INFO org.springframework.data.repository.config.RepositoryConfigurationDelegate [main] Finished Spring Data repository scanning in 14ms. Found 0 repository interfaces.
2019-07-30 18:29:53,603 INFO org.springframework.context.support.PostProcessorRegistrationDelegate$BeanPostProcessorChecker [main] Bean 'org.springframework.transaction.annotation.ProxyTransactionManagementConfiguration' of type [org.springframework.transaction.annotation.ProxyTransactionManagementConfiguration$$EnhancerBySpringCGLIB$$7bb806c7] is not eligible for getting processed by all BeanPostProcessors (for example: not eligible for auto-proxying)
2019-07-30 18:29:53,902 INFO org.springframework.boot.web.embedded.tomcat.TomcatWebServer [main] Tomcat initialized with port(s): 8080 (http)
2019-07-30 18:29:53,922 INFO org.apache.juli.logging.DirectJDKLog [main] Initializing ProtocolHandler ["http-nio-8080"]
2019-07-30 18:29:53,938 INFO org.apache.juli.logging.DirectJDKLog [main] Starting service [Tomcat]
2019-07-30 18:29:53,939 INFO org.apache.juli.logging.DirectJDKLog [main] Starting Servlet engine: [Apache Tomcat/9.0.21]
2019-07-30 18:29:54,049 INFO org.apache.juli.logging.DirectJDKLog [main] Initializing Spring embedded WebApplicationContext
2019-07-30 18:29:54,050 INFO org.springframework.boot.web.servlet.context.ServletWebServerApplicationContext [main] Root WebApplicationContext: initialization completed in 1856 ms
2019-07-30 18:29:54,234 INFO com.zaxxer.hikari.HikariDataSource [main] HikariPool-1 - Starting...
2019-07-30 18:29:54,561 INFO com.zaxxer.hikari.HikariDataSource [main] HikariPool-1 - Start completed.
2019-07-30 18:29:54,619 INFO org.hibernate.jpa.internal.util.LogHelper [main] HHH000204: Processing PersistenceUnitInfo [
	name: default
	...]
2019-07-30 18:29:54,674 INFO org.hibernate.Version [main] HHH000412: Hibernate Core {5.3.10.Final}
2019-07-30 18:29:54,678 INFO org.hibernate.cfg.Environment [main] HHH000206: hibernate.properties not found
2019-07-30 18:29:54,826 INFO org.hibernate.annotations.common.reflection.java.JavaReflectionManager [main] HCANN000001: Hibernate Commons Annotations {5.0.4.Final}
2019-07-30 18:29:54,949 INFO org.hibernate.dialect.Dialect [main] HHH000400: Using dialect: org.hibernate.dialect.MySQL5Dialect
2019-07-30 18:29:55,149 INFO org.springframework.orm.jpa.AbstractEntityManagerFactoryBean [main] Initialized JPA EntityManagerFactory for persistence unit 'default'
2019-07-30 18:29:55,439 INFO org.springframework.scheduling.concurrent.ExecutorConfigurationSupport [main] Initializing ExecutorService 'applicationTaskExecutor'
2019-07-30 18:29:55,488 WARN org.springframework.boot.autoconfigure.orm.jpa.JpaBaseConfiguration$JpaWebConfiguration$JpaWebMvcConfiguration [main] spring.jpa.open-in-view is enabled by default. Therefore, database queries may be performed during view rendering. Explicitly configure spring.jpa.open-in-view to disable this warning
2019-07-30 18:29:55,729 INFO org.apache.juli.logging.DirectJDKLog [main] Starting ProtocolHandler ["http-nio-8080"]
2019-07-30 18:29:55,746 INFO org.springframework.boot.web.embedded.tomcat.TomcatWebServer [main] Tomcat started on port(s): 8080 (http) with context path ''
2019-07-30 18:29:55,750 INFO org.springframework.boot.StartupInfoLogger [main] Started UsermanagementApplication in 4.358 seconds (JVM running for 5.05)
2019-07-30 18:35:58,844 INFO org.springframework.scheduling.concurrent.ExecutorConfigurationSupport [Thread-2] Shutting down ExecutorService 'applicationTaskExecutor'
2019-07-30 18:35:58,846 INFO org.springframework.orm.jpa.AbstractEntityManagerFactoryBean [Thread-2] Closing JPA EntityManagerFactory for persistence unit 'default'
2019-07-30 18:35:58,849 INFO com.zaxxer.hikari.HikariDataSource [Thread-2] HikariPool-1 - Shutdown initiated...
2019-07-30 18:35:58,873 INFO com.zaxxer.hikari.HikariDataSource [Thread-2] HikariPool-1 - Shutdown completed.
